2026-04-30T11:38:02.700Z [INFO]  Terraform version: 1.14.9
2026-04-30T11:38:02.700Z [DEBUG] using github.com/hashicorp/go-tfe v1.94.0
2026-04-30T11:38:02.700Z [DEBUG] using github.com/hashicorp/hcl/v2 v2.24.0
2026-04-30T11:38:02.700Z [DEBUG] using github.com/hashicorp/terraform-svchost v0.1.1
2026-04-30T11:38:02.700Z [DEBUG] using github.com/zclconf/go-cty v1.16.3
2026-04-30T11:38:02.700Z [INFO]  Go runtime version: go1.25.8
2026-04-30T11:38:02.700Z [INFO]  CLI args: []string{"./terraform", "init", "-no-color"}
2026-04-30T11:38:02.700Z [TRACE] Stdout is not a terminal
2026-04-30T11:38:02.700Z [TRACE] Stderr is not a terminal
2026-04-30T11:38:02.700Z [TRACE] Stdin is a terminal
2026-04-30T11:38:02.700Z [DEBUG] Attempting to open CLI config file: /home/elastio/.terraformrc
2026-04-30T11:38:02.700Z [DEBUG] File doesn't exist, but doesn't need to. Ignoring.
2026-04-30T11:38:02.701Z [DEBUG] ignoring non-existing provider search directory terraform.d/plugins
2026-04-30T11:38:02.701Z [DEBUG] ignoring non-existing provider search directory /home/elastio/.terraform.d/plugins
2026-04-30T11:38:02.701Z [DEBUG] ignoring non-existing provider search directory /home/elastio/.local/share/terraform/plugins
2026-04-30T11:38:02.701Z [DEBUG] ignoring non-existing provider search directory /usr/local/share/terraform/plugins
2026-04-30T11:38:02.701Z [DEBUG] ignoring non-existing provider search directory /usr/share/terraform/plugins
2026-04-30T11:38:02.701Z [INFO]  CLI command args: []string{"init", "-no-color"}
Initializing the backend...
2026-04-30T11:38:02.701Z [TRACE] Meta.Backend: no config given or present on disk, so returning nil config
2026-04-30T11:38:02.701Z [TRACE] Meta.Backend: backend has not previously been initialized in this working directory
2026-04-30T11:38:02.701Z [TRACE] Meta.Backend: using default local state only (no backend configuration, and no existing initialized backend)
2026-04-30T11:38:02.701Z [TRACE] Meta.Backend: instantiated backend of type <nil>
2026-04-30T11:38:02.701Z [DEBUG] checking for provisioner in "."
2026-04-30T11:38:02.702Z [DEBUG] checking for provisioner in "/home/elastio/dev/terraform-1-15-variable-validation-regression"
2026-04-30T11:38:02.702Z [TRACE] Meta.Backend: backend <nil> does not support operations, so wrapping it in a local backend
2026-04-30T11:38:02.702Z [TRACE] backend/local: state manager for workspace "default" will:
 - read initial snapshot from terraform.tfstate
 - write new snapshots to terraform.tfstate
 - create any backup at terraform.tfstate.backup
2026-04-30T11:38:02.702Z [TRACE] statemgr.Filesystem: reading initial snapshot from terraform.tfstate
2026-04-30T11:38:02.702Z [TRACE] statemgr.Filesystem: snapshot file has nil snapshot, but that's okay
2026-04-30T11:38:02.702Z [TRACE] statemgr.Filesystem: read nil snapshot
Initializing modules...
2026-04-30T11:38:02.702Z [TRACE] ModuleInstaller: installing child modules for . into .terraform/modules
2026-04-30T11:38:02.702Z [DEBUG] Module installer: begin parent
2026-04-30T11:38:02.702Z [TRACE] ModuleInstaller: parent is not yet installed
2026-04-30T11:38:02.702Z [TRACE] ModuleInstaller: cleaning directory .terraform/modules/parent prior to install of parent
2026-04-30T11:38:02.702Z [TRACE] ModuleInstaller: parent has local path "./parent"
2026-04-30T11:38:02.702Z [TRACE] ModuleInstaller: parent uses directory from parent: parent
2026-04-30T11:38:02.702Z [DEBUG] Module installer: parent installed at parent
- parent in parent
2026-04-30T11:38:02.702Z [DEBUG] Module installer: begin parent.child
2026-04-30T11:38:02.702Z [TRACE] ModuleInstaller: parent.child is not yet installed
2026-04-30T11:38:02.702Z [TRACE] ModuleInstaller: cleaning directory .terraform/modules/parent.child prior to install of parent.child
2026-04-30T11:38:02.702Z [TRACE] ModuleInstaller: parent.child has local path "./child"
2026-04-30T11:38:02.702Z [TRACE] ModuleInstaller: parent.child uses directory from parent: parent/child
2026-04-30T11:38:02.702Z [DEBUG] Module installer: parent.child installed at parent/child
- parent.child in parent/child
2026-04-30T11:38:02.702Z [TRACE] modsdir: writing modules manifest to .terraform/modules/modules.json
Initializing provider plugins...

Terraform has been successfully initialized!

You may now begin working with Terraform. Try running "terraform plan" to see
any changes that are required for your infrastructure. All Terraform commands
should now work.

If you ever set or change modules or backend configuration for Terraform,
rerun this command to reinitialize your working directory. If you forget, other
commands will detect it and remind you to do so if necessary.
